<?xml version="1.0" encoding="UTF-8"?>
<!-- Generated by org.testng.reporters.JUnitReportReporter -->
<testsuite hostname="Harshad-Mehta" failures="0" tests="2" name="LearningTestNG.AttributesOfTESTNG" time="25.163" errors="0" timestamp="2023-12-14T12:40:34 IST" skipped="0">
  <testcase classname="LearningTestNG.AttributesOfTESTNG" name="purple" time="7.104"/>
  <testcase classname="LearningTestNG.AttributesOfTESTNG" name="meesho" time="18.059"/>
</testsuite> <!-- LearningTestNG.AttributesOfTESTNG -->
