<?xml version="1.0" encoding="UTF-8"?>
<!-- Generated by org.testng.reporters.JUnitReportReporter -->
<testsuite hostname="Harshad-Mehta" failures="0" tests="1" name="TestNGPractice.Class2" time="3.320" errors="0" timestamp="2024-03-11T17:54:07 IST" skipped="0">
  <testcase classname="TestNGPractice.Class2" name="parle" time="3.320"/>
</testsuite> <!-- TestNGPractice.Class2 -->
