<?xml version="1.0" encoding="UTF-8"?>
<!-- Generated by org.testng.reporters.JUnitReportReporter -->
<testsuite hostname="Harshad-Mehta" failures="0" tests="2" name="CrossBrowserExecution.Class1" time="92.565" errors="0" timestamp="2023-12-15T12:03:22 IST" skipped="0">
  <testcase classname="CrossBrowserExecution.Class1" name="method1" time="57.015"/>
  <testcase classname="CrossBrowserExecution.Class1" name="method1" time="35.550"/>
</testsuite> <!-- CrossBrowserExecution.Class1 -->
