<?xml version="1.0" encoding="UTF-8"?>
<!-- Generated by org.testng.reporters.JUnitReportReporter -->
<testsuite hostname="Harshad-Mehta" failures="0" tests="2" name="CrossBrowserExecution.Class3" time="96.643" errors="0" timestamp="2023-12-15T12:03:22 IST" skipped="0">
  <testcase classname="CrossBrowserExecution.Class3" name="method3" time="60.790"/>
  <testcase classname="CrossBrowserExecution.Class3" name="method3" time="35.853"/>
</testsuite> <!-- CrossBrowserExecution.Class3 -->
