<?xml version="1.0" encoding="UTF-8"?>
<!-- Generated by org.testng.reporters.JUnitReportReporter -->
<testsuite hostname="Harshad-Mehta" failures="0" tests="1" name="BatchExecutaion.Parle" time="15.584" errors="0" timestamp="2023-12-14T10:47:26 IST" skipped="0">
  <testcase classname="BatchExecutaion.Parle" name="Parle123" time="15.584"/>
</testsuite> <!-- BatchExecutaion.Parle -->
