<?xml version="1.0" encoding="UTF-8"?>
<!-- Generated by org.testng.reporters.JUnitReportReporter -->
<testsuite hostname="Harshad-Mehta" failures="0" tests="1" name="TestNGPractice.Class3" time="6.506" errors="0" timestamp="2024-03-11T17:54:07 IST" skipped="0">
  <testcase classname="TestNGPractice.Class3" name="redlabel" time="6.506"/>
</testsuite> <!-- TestNGPractice.Class3 -->
