<?xml version="1.0" encoding="UTF-8"?>
<!-- Generated by org.testng.reporters.JUnitReportReporter -->
<testsuite hostname="Harshad-Mehta" failures="0" tests="1" name="Generic_Lib.Script2" time="0.003" errors="0" timestamp="2023-12-15T17:53:53 IST" skipped="0">
  <testcase classname="Generic_Lib.Script2" name="Method1" time="0.003">
    <system-out>
      <![CDATA[This is method2()]]>
    </system-out>
  </testcase> <!-- Method1 -->
  <system-out>
    <![CDATA[from before suite
from before test
from before class
from before method
This is method1()
from after method
from after class
from before class
from before method
This is method2()
from after method
from after class
from after test
from after suite]]>
  </system-out>
</testsuite> <!-- Generic_Lib.Script2 -->
