<?xml version="1.0" encoding="UTF-8"?>
<!-- Generated by org.testng.reporters.JUnitReportReporter -->
<testsuite hostname="Harshad-Mehta" failures="0" tests="3" name="LearningTestNG.DependanciesOfMethod" time="0.005" errors="0" timestamp="2023-12-13T18:09:01 IST" skipped="0">
  <testcase classname="LearningTestNG.DependanciesOfMethod" name="onboarding" time="0.003">
    <system-out>
      <![CDATA[This is Onboarding method]]>
    </system-out>
  </testcase> <!-- onboarding -->
  <testcase classname="LearningTestNG.DependanciesOfMethod" name="selection" time="0.002">
    <system-out>
      <![CDATA[This is selection method]]>
    </system-out>
  </testcase> <!-- selection -->
  <testcase classname="LearningTestNG.DependanciesOfMethod" name="interview" time="0.000">
    <system-out>
      <![CDATA[This is Interview method]]>
    </system-out>
  </testcase> <!-- interview -->
  <system-out>
    <![CDATA[This is Onboarding method
This is selection method
This is Interview method
This is from sub()
This is from mul()
This is from add()]]>
  </system-out>
</testsuite> <!-- LearningTestNG.DependanciesOfMethod -->
