<?xml version="1.0" encoding="UTF-8"?>
<!-- Generated by org.testng.reporters.JUnitReportReporter -->
<testsuite hostname="Harshad-Mehta" failures="0" tests="5" name="TestNGPractice.DataProviderCon" time="39.067" errors="0" timestamp="2024-03-13T10:13:43 IST" skipped="0">
  <testcase classname="TestNGPractice.DataProviderCon" name="registration" time="11.448"/>
  <testcase classname="TestNGPractice.DataProviderCon" name="registration" time="6.559"/>
  <testcase classname="TestNGPractice.DataProviderCon" name="registration" time="6.915"/>
  <testcase classname="TestNGPractice.DataProviderCon" name="registration" time="6.198"/>
  <testcase classname="TestNGPractice.DataProviderCon" name="registration" time="7.947"/>
</testsuite> <!-- TestNGPractice.DataProviderCon -->
