<?xml version="1.0" encoding="UTF-8"?>
<!-- Generated by org.testng.reporters.JUnitReportReporter -->
<testsuite hostname="Harshad-Mehta" failures="0" tests="1" name="BatchExecutaion.Meesho1" time="16.123" errors="0" timestamp="2023-12-14T10:47:26 IST" skipped="0">
  <testcase classname="BatchExecutaion.Meesho1" name="meesho" time="16.123"/>
</testsuite> <!-- BatchExecutaion.Meesho1 -->
