<?xml version="1.0" encoding="UTF-8"?>
<!-- Generated by org.testng.reporters.JUnitReportReporter -->
<testsuite hostname="Harshad-Mehta" failures="0" tests="1" name="TestNGPractice.Class1" time="14.754" errors="0" timestamp="2024-03-11T16:35:01 IST" skipped="0">
  <testcase classname="TestNGPractice.Class1" name="meesho" time="14.754"/>
</testsuite> <!-- TestNGPractice.Class1 -->
