<?xml version="1.0" encoding="UTF-8"?>
<!-- Generated by org.testng.reporters.JUnitReportReporter -->
<testsuite hostname="Harshad-Mehta" failures="0" tests="2" name="CrossBrowserExecution.Class2" time="40.187" errors="0" timestamp="2023-12-15T12:03:22 IST" skipped="0">
  <testcase classname="CrossBrowserExecution.Class2" name="method2" time="32.838"/>
  <testcase classname="CrossBrowserExecution.Class2" name="method2" time="7.349"/>
</testsuite> <!-- CrossBrowserExecution.Class2 -->
