<?xml version="1.0" encoding="UTF-8"?>
<!-- Generated by org.testng.reporters.JUnitReportReporter -->
<testsuite hostname="Harshad-Mehta" failures="0" tests="3" name="LearningTestNG.TestNGBasics" time="0.005" errors="0" timestamp="2023-12-13T18:09:01 IST" skipped="0">
  <testcase classname="LearningTestNG.TestNGBasics" name="sub" time="0.000">
    <system-out>
      <![CDATA[This is from sub()]]>
    </system-out>
  </testcase> <!-- sub -->
  <testcase classname="LearningTestNG.TestNGBasics" name="mul" time="0.001">
    <system-out>
      <![CDATA[This is from mul()]]>
    </system-out>
  </testcase> <!-- mul -->
  <testcase classname="LearningTestNG.TestNGBasics" name="add" time="0.004">
    <system-out>
      <![CDATA[This is from add()]]>
    </system-out>
  </testcase> <!-- add -->
  <system-out>
    <![CDATA[This is Onboarding method
This is selection method
This is Interview method
This is from sub()
This is from mul()
This is from add()]]>
  </system-out>
</testsuite> <!-- LearningTestNG.TestNGBasics -->
